<?xml version="1.0" encoding="UTF-8" ?>

<testsuite failures="0" time="0.004" errors="0" skipped="0" tests="3" name="models.LibraryTest">
  <testcase classname="models.LibraryTest" name="shouldCreateLibraryObject" time="0">
      </testcase>
  <testcase classname="models.LibraryTest" name="shouldAddItem" time="0.002">
      </testcase>
  <testcase classname="models.LibraryTest" name="shouldGetBooklistWhichContainsBookTitle" time="0.002">
      </testcase>
</testsuite>
