<?xml version="1.0" encoding="UTF-8" ?>

<testsuite failures="0" time="0.014" errors="0" skipped="0" tests="4" name="models.LibraryTest">
  <testcase classname="models.LibraryTest" name="shouldCreateLibraryObject" time="0">
      </testcase>
  <testcase classname="models.LibraryTest" name="shouldAddItem" time="0.008">
      </testcase>
  <testcase classname="models.LibraryTest" name="shouldFindItemByCreator" time="0.006">
      </testcase>
  <testcase classname="models.LibraryTest" name="shouldReturnNullForFindItemByCreatorWithEmptyOrNullParameter" time="0">
      </testcase>
</testsuite>
