<?xml version="1.0" encoding="UTF-8" ?>

<testsuite failures="0" time="0" errors="0" skipped="0" tests="2" name="models.ItemRegistryTest">
  <testcase classname="models.ItemRegistryTest" name="shouldCreateObject" time="0">
      </testcase>
  <testcase classname="models.ItemRegistryTest" name="shouldGetItemRegistryById" time="0">
      </testcase>
</testsuite>
