<?xml version="1.0" encoding="UTF-8" ?>

<testsuite failures="0" time="0.061" errors="0" skipped="0" tests="8" name="models.LibraryTest">
  <testcase classname="models.LibraryTest" name="shouldDeleteAItem" time="0.011">
      </testcase>
  <testcase classname="models.LibraryTest" name="shouldCreateLibraryObject" time="0">
      </testcase>
  <testcase classname="models.LibraryTest" name="shouldAddItem" time="0.008">
      </testcase>
  <testcase classname="models.LibraryTest" name="shouldIssueItem" time="0.014">
      </testcase>
  <testcase classname="models.LibraryTest" name="shouldReturnItem" time="0.013">
      </testcase>
  <testcase classname="models.LibraryTest" name="shouldReserveABook" time="0.007">
      </testcase>
  <testcase classname="models.LibraryTest" name="shouldFindItemByCreator" time="0.008">
      </testcase>
  <testcase classname="models.LibraryTest" name="shouldReturnNullForFindItemByCreatorWithEmptyOrNullParameter" time="0">
      </testcase>
</testsuite>
