<?xml version="1.0" encoding="UTF-8" ?>

<<<<<<< HEAD
<testsuite failures="0" time="0.02" errors="0" skipped="0" tests="6" name="models.LibraryTest">
  <testcase classname="models.LibraryTest" name="shouldCreateLibraryObject" time="0.003">
      </testcase>
  <testcase classname="models.LibraryTest" name="shouldAddItem" time="0.005">
      </testcase>
  <testcase classname="models.LibraryTest" name="shouldIssueItem" time="0.003">
      </testcase>
  <testcase classname="models.LibraryTest" name="shouldReturnItem" time="0.003">
      </testcase>
  <testcase classname="models.LibraryTest" name="shouldDeleteAItem" time="0.003">
      </testcase>
  <testcase classname="models.LibraryTest" name="shouldReserveABook" time="0.003">
      </testcase>
=======
<<<<<<< HEAD
<testsuite failures="0" time="0.004" errors="0" skipped="0" tests="3" name="models.LibraryTest">
  <testcase classname="models.LibraryTest" name="shouldCreateLibraryObject" time="0">
      </testcase>
  <testcase classname="models.LibraryTest" name="shouldAddItem" time="0.002">
      </testcase>
  <testcase classname="models.LibraryTest" name="shouldGetBooklistWhichContainsBookTitle" time="0.002">
      </testcase>
=======
<testsuite failures="0" time="0.071" errors="0" skipped="0" tests="3" name="models.LibraryTest">
  <testcase classname="models.LibraryTest" name="shouldCreateLibraryObject" time="0.003">
      </testcase>
  <testcase classname="models.LibraryTest" name="shouldAddItem" time="0.063">
      </testcase>
  <testcase classname="models.LibraryTest" name="shouldFindItemByCreator" time="0.005">
      </testcase>
>>>>>>> 8797756c6e6d809bd015004179d430f75db2ded6
>>>>>>> 7c4d6dba3a3482d36b0c62f69f8411b05d785835
</testsuite>
