<?xml version="1.0" encoding="UTF-8" ?>

<testsuite failures="0" time="0.016" errors="0" skipped="0" tests="2" name="controllers.LibraryTest">
  <testcase classname="controllers.LibraryTest" name="shouldCreateLibraryObject" time="0">
      </testcase>
  <testcase classname="controllers.LibraryTest" name="shouldAddItem" time="0.016">
      </testcase>
</testsuite>
