<?xml version="1.0" encoding="UTF-8" ?>

<testsuite failures="1" time="0.014" errors="0" skipped="0" tests="1" name="models.LibraryTest">
  <testcase classname="models.LibraryTest" name="shouldCreateLibraryObject" time="0">
      </testcase>
  <testcase classname="models.LibraryTest" name="shouldAddItem" time="0.014">
                  <failure type="" message="Failure, expected:&lt;1&gt; but was:&lt;4&gt;">
        <![CDATA[
          In /test/models/LibraryTest.java, line 27
          
              		assertEquals(1,library.getItemList().size()); :
          
        ]]>
        </failure>
        }
                  </testcase>
</testsuite>
