<?xml version="1.0" encoding="UTF-8" ?>

<testsuite failures="0" time="0.033" errors="0" skipped="0" tests="3" name="models.ItemTest">
  <testcase classname="models.ItemTest" name="shouldCreateBookObject" time="0">
      </testcase>
  <testcase classname="models.ItemTest" name="shouldNotCreateObjectWithNullOrEmptyValue" time="0">
      </testcase>
  <testcase classname="models.ItemTest" name="shouldGetItemsByTitle" time="0.033">
      </testcase>
</testsuite>
